<?xml version="1.0" encoding="UTF-8"?>
<!-- Generated by org.testng.reporters.JUnitXMLReporter -->
<testsuite hostname="DESKTOP-E8P7HBR" ignored="4" name="Default test(failed)" tests="1" failures="1" timestamp="2021-04-10T10:34:10 IST" time="0.042" errors="0">
  <testcase name="tc4" time="0.009" classname="org.rerun.ManualRerunClass">
    <failure type="java.lang.AssertionError" message="expected [true] but found [false]">
      <![CDATA[java.lang.AssertionError: expected [true] but found [false]
at org.rerun.ManualRerunClass.tc4(ManualRerunClass.java:22)
at java.util.ArrayList.forEach(Unknown Source)
... Removed 31 stack frames]]>
    </failure>
  </testcase> <!-- tc4 -->
  <testcase name="tc1" time="0.0" classname="org.rerun.ManualRerunClass">
    <ignored/>
  </testcase> <!-- tc1 -->
  <testcase name="tc2" time="0.0" classname="org.rerun.ManualRerunClass">
    <ignored/>
  </testcase> <!-- tc2 -->
  <testcase name="tc5" time="0.0" classname="org.rerun.ManualRerunClass">
    <ignored/>
  </testcase> <!-- tc5 -->
  <testcase name="tc3" time="0.0" classname="org.rerun.ManualRerunClass">
    <ignored/>
  </testcase> <!-- tc3 -->
</testsuite> <!-- Default test(failed) -->
