<?xml version="1.0" encoding="UTF-8"?>
<!-- Generated by org.testng.reporters.JUnitXMLReporter -->
<testsuite hostname="DESKTOP-E8P7HBR" ignored="0" name="Test" tests="4" failures="0" timestamp="2021-04-11T14:28:07 IST" time="16.324" errors="0">
  <testcase name="TestCase1Login" time="3.482" classname="org.airlinesite.ExecutingClassBlazeDemo"/>
  <testcase name="TestCase2ChooseFlights" time="1.387" classname="org.airlinesite.ExecutingClassBlazeDemo"/>
  <testcase name="TestCase3RegisterDetails" time="3.239" classname="org.airlinesite.ExecutingClassBlazeDemo"/>
  <testcase name="TestCase4OrderId" time="0.581" classname="org.airlinesite.ExecutingClassBlazeDemo"/>
</testsuite> <!-- Test -->
