<?xml version="1.0" encoding="UTF-8"?>
<!-- Generated by org.testng.reporters.JUnitXMLReporter -->
<testsuite hostname="DESKTOP-E8P7HBR" ignored="4" name="Default test(failed)(failed)(failed)" tests="1" failures="0" timestamp="2021-04-10T10:35:34 IST" time="0.048" errors="0">
  <testcase name="tc4" time="0.01" classname="org.rerun.ManualRerunClass"/>
  <testcase name="tc1" time="0.0" classname="org.rerun.ManualRerunClass">
    <ignored/>
  </testcase> <!-- tc1 -->
  <testcase name="tc2" time="0.0" classname="org.rerun.ManualRerunClass">
    <ignored/>
  </testcase> <!-- tc2 -->
  <testcase name="tc5" time="0.0" classname="org.rerun.ManualRerunClass">
    <ignored/>
  </testcase> <!-- tc5 -->
  <testcase name="tc3" time="0.0" classname="org.rerun.ManualRerunClass">
    <ignored/>
  </testcase> <!-- tc3 -->
</testsuite> <!-- Default test(failed)(failed)(failed) -->
